2016-05-08 13:21:56,004 [Worker-4] INFO  o.e.m.c.i.p.ProjectConfigurationManager - Collecting project info '/pom.xml' E:\GIT Workspace\sampleProject\pom.xml
2016-05-08 13:22:11,560 [Worker-4] INFO  o.e.m.c.i.l.LifecycleMappingFactory - Using org.eclipse.m2e.jdt.JarLifecycleMapping lifecycle mapping for MavenProject: sampleGooglePackage:sampleProject:0.0.1 @ E:\GIT Workspace\sampleProject\pom.xml.
2016-05-08 13:22:15,919 [Worker-4] INFO  o.e.m.j.i.AbstractJavaProjectConfigurator - Adding source folder /sampleProject/src/main/java
2016-05-08 13:22:15,926 [Worker-4] INFO  o.e.m.j.i.AbstractJavaProjectConfigurator - Adding source folder /sampleProject/src/test/java
2016-05-08 13:22:18,072 [Worker-4] INFO  o.e.m.c.i.p.ProjectConfigurationManager - Imported and configured 1 project(s) in 22 sec
2016-05-08 13:22:19,273 [Worker-17] INFO  o.e.m.c.i.embedder.EclipseLogger - Using 'UTF-8' encoding to copy filtered resources.
2016-05-08 13:22:19,274 [Worker-17] INFO  o.e.m.c.i.embedder.EclipseLogger - skip non existing resourceDirectory E:\GIT Workspace\sampleProject\src\main\resources
2016-05-08 13:22:19,277 [Worker-17] INFO  o.e.m.c.i.embedder.EclipseLogger - Using 'UTF-8' encoding to copy filtered resources.
2016-05-08 13:22:19,278 [Worker-17] INFO  o.e.m.c.i.embedder.EclipseLogger - skip non existing resourceDirectory E:\GIT Workspace\sampleProject\src\test\resources
2016-05-08 13:26:03,617 [Worker-7] INFO  o.e.m.c.i.l.LifecycleMappingFactory - Using org.eclipse.m2e.jdt.JarLifecycleMapping lifecycle mapping for MavenProject: sampleGooglePackage:sampleProject:0.0.1 @ E:\GIT Workspace\sampleProject\pom.xml.
2016-05-08 13:26:07,114 [Worker-7] INFO  o.e.m.c.i.embedder.EclipseLogger - Using 'UTF-8' encoding to copy filtered resources.
2016-05-08 13:26:07,114 [Worker-7] INFO  o.e.m.c.i.embedder.EclipseLogger - skip non existing resourceDirectory E:\GIT Workspace\sampleProject\src\main\resources
2016-05-08 13:26:07,118 [Worker-7] INFO  o.e.m.c.i.embedder.EclipseLogger - Using 'UTF-8' encoding to copy filtered resources.
2016-05-08 13:26:07,118 [Worker-7] INFO  o.e.m.c.i.embedder.EclipseLogger - skip non existing resourceDirectory E:\GIT Workspace\sampleProject\src\test\resources
2016-05-08 13:26:09,374 [Worker-19] INFO  o.e.m.c.i.embedder.EclipseLogger - Using 'UTF-8' encoding to copy filtered resources.
2016-05-08 13:26:09,374 [Worker-19] INFO  o.e.m.c.i.embedder.EclipseLogger - skip non existing resourceDirectory E:\GIT Workspace\sampleProject\src\main\resources
2016-05-08 13:26:09,377 [Worker-19] INFO  o.e.m.c.i.embedder.EclipseLogger - Using 'UTF-8' encoding to copy filtered resources.
2016-05-08 13:26:09,378 [Worker-19] INFO  o.e.m.c.i.embedder.EclipseLogger - skip non existing resourceDirectory E:\GIT Workspace\sampleProject\src\test\resources
2016-05-08 13:26:14,174 [Worker-18] INFO  o.e.m.c.i.p.ProjectConfigurationManager - Update started
2016-05-08 13:26:15,624 [Worker-18] INFO  o.e.m.c.i.l.LifecycleMappingFactory - Using org.eclipse.m2e.jdt.JarLifecycleMapping lifecycle mapping for MavenProject: sampleGooglePackage:sampleProject:0.0.1 @ E:\GIT Workspace\sampleProject\pom.xml.
2016-05-08 13:26:16,387 [Worker-18] INFO  o.e.m.j.i.AbstractJavaProjectConfigurator - Adding source folder /sampleProject/src/main/java
2016-05-08 13:26:16,388 [Worker-18] INFO  o.e.m.j.i.AbstractJavaProjectConfigurator - Adding source folder /sampleProject/src/test/java
2016-05-08 13:26:16,619 [Worker-18] INFO  o.e.m.c.i.p.ProjectConfigurationManager - Update completed: 2 sec
2016-05-08 13:26:17,200 [Worker-19] INFO  o.e.m.c.i.embedder.EclipseLogger - Using 'UTF-8' encoding to copy filtered resources.
2016-05-08 13:26:17,200 [Worker-19] INFO  o.e.m.c.i.embedder.EclipseLogger - skip non existing resourceDirectory E:\GIT Workspace\sampleProject\src\main\resources
2016-05-08 13:26:17,206 [Worker-19] INFO  o.e.m.c.i.embedder.EclipseLogger - Using 'UTF-8' encoding to copy filtered resources.
2016-05-08 13:26:17,206 [Worker-19] INFO  o.e.m.c.i.embedder.EclipseLogger - skip non existing resourceDirectory E:\GIT Workspace\sampleProject\src\test\resources
2016-05-08 13:27:35,345 [Worker-22] INFO  o.e.m.c.i.embedder.EclipseLogger - Using 'UTF-8' encoding to copy filtered resources.
2016-05-08 13:27:35,345 [Worker-22] INFO  o.e.m.c.i.embedder.EclipseLogger - skip non existing resourceDirectory E:\GIT Workspace\sampleProject\src\main\resources
2016-05-08 13:27:35,350 [Worker-22] INFO  o.e.m.c.i.embedder.EclipseLogger - Using 'UTF-8' encoding to copy filtered resources.
2016-05-08 13:27:35,350 [Worker-22] INFO  o.e.m.c.i.embedder.EclipseLogger - skip non existing resourceDirectory E:\GIT Workspace\sampleProject\src\test\resources
2016-05-08 13:27:36,463 [Worker-17] INFO  o.e.m.c.i.embedder.EclipseLogger - Using 'UTF-8' encoding to copy filtered resources.
2016-05-08 13:27:36,463 [Worker-17] INFO  o.e.m.c.i.embedder.EclipseLogger - skip non existing resourceDirectory E:\GIT Workspace\sampleProject\src\main\resources
2016-05-08 13:27:36,465 [Worker-17] INFO  o.e.m.c.i.embedder.EclipseLogger - Using 'UTF-8' encoding to copy filtered resources.
2016-05-08 13:27:36,465 [Worker-17] INFO  o.e.m.c.i.embedder.EclipseLogger - skip non existing resourceDirectory E:\GIT Workspace\sampleProject\src\test\resources
2016-05-08 13:28:29,393 [Worker-18] INFO  o.e.m.c.i.embedder.EclipseLogger - Using 'UTF-8' encoding to copy filtered resources.
2016-05-08 13:28:29,394 [Worker-18] INFO  o.e.m.c.i.embedder.EclipseLogger - skip non existing resourceDirectory E:\GIT Workspace\sampleProject\src\main\resources
2016-05-08 13:28:29,396 [Worker-18] INFO  o.e.m.c.i.embedder.EclipseLogger - Using 'UTF-8' encoding to copy filtered resources.
2016-05-08 13:28:29,397 [Worker-18] INFO  o.e.m.c.i.embedder.EclipseLogger - skip non existing resourceDirectory E:\GIT Workspace\sampleProject\src\test\resources
2016-05-08 13:47:53,784 [Worker-29] INFO  o.e.m.c.i.embedder.EclipseLogger - Using 'UTF-8' encoding to copy filtered resources.
2016-05-08 13:47:53,786 [Worker-29] INFO  o.e.m.c.i.embedder.EclipseLogger - skip non existing resourceDirectory E:\GIT Workspace\sampleProject\src\main\resources
2016-05-08 13:47:53,788 [Worker-29] INFO  o.e.m.c.i.embedder.EclipseLogger - Using 'UTF-8' encoding to copy filtered resources.
2016-05-08 13:47:53,788 [Worker-29] INFO  o.e.m.c.i.embedder.EclipseLogger - skip non existing resourceDirectory E:\GIT Workspace\sampleProject\src\test\resources
2016-05-08 14:10:42,374 [Worker-32] INFO  o.e.m.c.i.embedder.EclipseLogger - Using 'UTF-8' encoding to copy filtered resources.
2016-05-08 14:10:42,375 [Worker-32] INFO  o.e.m.c.i.embedder.EclipseLogger - skip non existing resourceDirectory E:\GIT Workspace\sampleProject\src\main\resources
2016-05-08 14:10:42,381 [Worker-32] INFO  o.e.m.c.i.embedder.EclipseLogger - Using 'UTF-8' encoding to copy filtered resources.
2016-05-08 14:10:42,381 [Worker-32] INFO  o.e.m.c.i.embedder.EclipseLogger - skip non existing resourceDirectory E:\GIT Workspace\sampleProject\src\test\resources
2016-05-08 14:13:11,224 [Worker-33] INFO  o.e.m.c.i.l.LifecycleMappingFactory - Using org.eclipse.m2e.jdt.JarLifecycleMapping lifecycle mapping for MavenProject: sampleGooglePackage:sampleProject:0.0.1 @ E:\GIT Workspace\sampleProject\pom.xml.
2016-05-08 14:13:11,962 [Worker-33] INFO  o.e.m.c.i.embedder.EclipseLogger - Using 'UTF-8' encoding to copy filtered resources.
2016-05-08 14:13:11,962 [Worker-33] INFO  o.e.m.c.i.embedder.EclipseLogger - skip non existing resourceDirectory E:\GIT Workspace\sampleProject\src\main\resources
2016-05-08 14:13:11,965 [Worker-33] INFO  o.e.m.c.i.embedder.EclipseLogger - Using 'UTF-8' encoding to copy filtered resources.
2016-05-08 14:13:11,965 [Worker-33] INFO  o.e.m.c.i.embedder.EclipseLogger - skip non existing resourceDirectory E:\GIT Workspace\sampleProject\src\test\resources
2016-05-08 14:14:01,160 [Worker-35] INFO  o.e.m.c.i.l.LifecycleMappingFactory - Using org.eclipse.m2e.jdt.JarLifecycleMapping lifecycle mapping for MavenProject: sampleGooglePackage:sampleProject:0.0.1 @ E:\GIT Workspace\sampleProject\pom.xml.
2016-05-08 14:14:01,745 [Worker-35] INFO  o.e.m.c.i.embedder.EclipseLogger - Using 'UTF-8' encoding to copy filtered resources.
2016-05-08 14:14:01,745 [Worker-35] INFO  o.e.m.c.i.embedder.EclipseLogger - skip non existing resourceDirectory E:\GIT Workspace\sampleProject\src\main\resources
2016-05-08 14:14:01,748 [Worker-35] INFO  o.e.m.c.i.embedder.EclipseLogger - Using 'UTF-8' encoding to copy filtered resources.
2016-05-08 14:14:01,748 [Worker-35] INFO  o.e.m.c.i.embedder.EclipseLogger - skip non existing resourceDirectory E:\GIT Workspace\sampleProject\src\test\resources
2016-05-08 14:14:36,089 [Worker-33] INFO  o.e.m.c.i.l.LifecycleMappingFactory - Using org.eclipse.m2e.jdt.JarLifecycleMapping lifecycle mapping for MavenProject: sampleGooglePackage:sampleProject:0.0.1 @ E:\GIT Workspace\sampleProject\pom.xml.
2016-05-08 14:14:36,687 [Worker-33] INFO  o.e.m.c.i.embedder.EclipseLogger - Using 'UTF-8' encoding to copy filtered resources.
2016-05-08 14:14:36,687 [Worker-33] INFO  o.e.m.c.i.embedder.EclipseLogger - skip non existing resourceDirectory E:\GIT Workspace\sampleProject\src\main\resources
2016-05-08 14:14:36,689 [Worker-33] INFO  o.e.m.c.i.embedder.EclipseLogger - Using 'UTF-8' encoding to copy filtered resources.
2016-05-08 14:14:36,689 [Worker-33] INFO  o.e.m.c.i.embedder.EclipseLogger - skip non existing resourceDirectory E:\GIT Workspace\sampleProject\src\test\resources
2016-05-08 14:15:16,756 [Worker-33] INFO  o.e.m.c.i.l.LifecycleMappingFactory - Using org.eclipse.m2e.jdt.JarLifecycleMapping lifecycle mapping for MavenProject: sampleGooglePackage:sampleProject:0.0.1 @ E:\GIT Workspace\sampleProject\pom.xml.
2016-05-08 14:15:17,488 [Worker-33] INFO  o.e.m.c.i.embedder.EclipseLogger - Using 'UTF-8' encoding to copy filtered resources.
2016-05-08 14:15:17,489 [Worker-33] INFO  o.e.m.c.i.embedder.EclipseLogger - skip non existing resourceDirectory E:\GIT Workspace\sampleProject\src\main\resources
2016-05-08 14:15:17,493 [Worker-33] INFO  o.e.m.c.i.embedder.EclipseLogger - Using 'UTF-8' encoding to copy filtered resources.
2016-05-08 14:15:17,494 [Worker-33] INFO  o.e.m.c.i.embedder.EclipseLogger - skip non existing resourceDirectory E:\GIT Workspace\sampleProject\src\test\resources
2016-05-08 14:15:30,018 [Worker-38] INFO  o.e.m.c.i.p.ProjectConfigurationManager - Update started
2016-05-08 14:15:31,111 [Worker-38] INFO  o.e.m.c.i.l.LifecycleMappingFactory - Using org.eclipse.m2e.jdt.JarLifecycleMapping lifecycle mapping for MavenProject: sampleGooglePackage:sampleProject:0.0.1 @ E:\GIT Workspace\sampleProject\pom.xml.
2016-05-08 14:15:31,769 [Worker-38] INFO  o.e.m.j.i.AbstractJavaProjectConfigurator - Adding source folder /sampleProject/src/main/java
2016-05-08 14:15:31,770 [Worker-38] INFO  o.e.m.j.i.AbstractJavaProjectConfigurator - Adding source folder /sampleProject/src/test/java
2016-05-08 14:15:31,966 [Worker-38] INFO  o.e.m.c.i.p.ProjectConfigurationManager - Update completed: 1 sec
2016-05-08 14:15:32,434 [Worker-38] INFO  o.e.m.c.i.embedder.EclipseLogger - Using 'UTF-8' encoding to copy filtered resources.
2016-05-08 14:15:32,435 [Worker-38] INFO  o.e.m.c.i.embedder.EclipseLogger - skip non existing resourceDirectory E:\GIT Workspace\sampleProject\src\main\resources
2016-05-08 14:15:32,437 [Worker-38] INFO  o.e.m.c.i.embedder.EclipseLogger - Using 'UTF-8' encoding to copy filtered resources.
2016-05-08 14:15:32,437 [Worker-38] INFO  o.e.m.c.i.embedder.EclipseLogger - skip non existing resourceDirectory E:\GIT Workspace\sampleProject\src\test\resources
2016-05-08 14:19:02,871 [Worker-33] INFO  o.e.m.c.i.e.AbstractTransferListenerAdapter - Downloading https://repo.maven.apache.org/maven2/org/apache/maven/plugins/maven-surefire-plugin/2.14.1/maven-surefire-plugin-2.14.1.jar
2016-05-08 14:19:03,833 [Worker-33] INFO  o.e.m.c.i.e.AbstractTransferListenerAdapter - Downloaded https://repo.maven.apache.org/maven2/org/apache/maven/plugins/maven-surefire-plugin/2.14.1/maven-surefire-plugin-2.14.1.jar
2016-05-08 14:19:05,336 [Worker-33] INFO  o.e.m.c.i.l.LifecycleMappingFactory - Using org.eclipse.m2e.jdt.JarLifecycleMapping lifecycle mapping for MavenProject: sampleGooglePackage:sampleProject:0.0.1 @ E:\GIT Workspace\sampleProject\pom.xml.
2016-05-08 14:19:06,064 [Worker-33] INFO  o.e.m.c.i.embedder.EclipseLogger - Using 'UTF-8' encoding to copy filtered resources.
2016-05-08 14:19:06,065 [Worker-33] INFO  o.e.m.c.i.embedder.EclipseLogger - skip non existing resourceDirectory E:\GIT Workspace\sampleProject\src\main\resources
2016-05-08 14:19:06,068 [Worker-33] INFO  o.e.m.c.i.embedder.EclipseLogger - Using 'UTF-8' encoding to copy filtered resources.
2016-05-08 14:19:06,068 [Worker-33] INFO  o.e.m.c.i.embedder.EclipseLogger - skip non existing resourceDirectory E:\GIT Workspace\sampleProject\src\test\resources
2016-05-08 14:19:06,442 [Worker-33] INFO  o.e.m.c.i.e.AbstractTransferListenerAdapter - Downloading https://repo.maven.apache.org/maven2/org/apache/maven/plugins/maven-surefire-plugin/2.14.1/maven-surefire-plugin-2.14.1.pom
2016-05-08 14:19:06,764 [Worker-33] INFO  o.e.m.c.i.e.AbstractTransferListenerAdapter - Downloaded https://repo.maven.apache.org/maven2/org/apache/maven/plugins/maven-surefire-plugin/2.14.1/maven-surefire-plugin-2.14.1.pom
2016-05-08 14:19:07,031 [Worker-33] INFO  o.e.m.c.i.e.AbstractTransferListenerAdapter - Downloading https://repo.maven.apache.org/maven2/org/apache/maven/surefire/surefire/2.14.1/surefire-2.14.1.pom
2016-05-08 14:19:07,336 [Worker-33] INFO  o.e.m.c.i.e.AbstractTransferListenerAdapter - Downloaded https://repo.maven.apache.org/maven2/org/apache/maven/surefire/surefire/2.14.1/surefire-2.14.1.pom
2016-05-08 14:19:17,060 [Worker-40] INFO  o.e.m.c.i.p.ProjectConfigurationManager - Update started
2016-05-08 14:19:18,043 [Worker-40] INFO  o.e.m.c.i.l.LifecycleMappingFactory - Using org.eclipse.m2e.jdt.JarLifecycleMapping lifecycle mapping for MavenProject: sampleGooglePackage:sampleProject:0.0.1 @ E:\GIT Workspace\sampleProject\pom.xml.
2016-05-08 14:19:18,723 [Worker-40] INFO  o.e.m.j.i.AbstractJavaProjectConfigurator - Adding source folder /sampleProject/src
2016-05-08 14:19:18,724 [Worker-40] INFO  o.e.m.j.i.AbstractJavaProjectConfigurator - Adding source folder /sampleProject/src/test/java
2016-05-08 14:19:18,754 [Worker-40] INFO  o.e.m.c.i.p.ProjectConfigurationManager - Update completed: 1 sec
2016-05-08 14:19:19,362 [Worker-35] INFO  o.e.m.c.i.embedder.EclipseLogger - Using 'UTF-8' encoding to copy filtered resources.
2016-05-08 14:19:19,362 [Worker-35] INFO  o.e.m.c.i.embedder.EclipseLogger - skip non existing resourceDirectory E:\GIT Workspace\sampleProject\src\main\resources
2016-05-08 14:19:19,365 [Worker-35] INFO  o.e.m.c.i.embedder.EclipseLogger - Using 'UTF-8' encoding to copy filtered resources.
2016-05-08 14:19:19,365 [Worker-35] INFO  o.e.m.c.i.embedder.EclipseLogger - skip non existing resourceDirectory E:\GIT Workspace\sampleProject\src\test\resources
2016-05-08 14:19:58,775 [Worker-38] INFO  o.e.m.c.i.l.LifecycleMappingFactory - Using org.eclipse.m2e.jdt.JarLifecycleMapping lifecycle mapping for MavenProject: sampleGooglePackage:sampleProject:0.0.1 @ E:\GIT Workspace\sampleProject\pom.xml.
2016-05-08 14:19:59,472 [Worker-38] INFO  o.e.m.c.i.embedder.EclipseLogger - Using 'UTF-8' encoding to copy filtered resources.
2016-05-08 14:19:59,473 [Worker-38] INFO  o.e.m.c.i.embedder.EclipseLogger - skip non existing resourceDirectory E:\GIT Workspace\sampleProject\src\main\resources
2016-05-08 14:19:59,476 [Worker-38] INFO  o.e.m.c.i.embedder.EclipseLogger - Using 'UTF-8' encoding to copy filtered resources.
2016-05-08 14:19:59,476 [Worker-38] INFO  o.e.m.c.i.embedder.EclipseLogger - skip non existing resourceDirectory E:\GIT Workspace\sampleProject\src\test\resources
2016-05-08 14:20:26,188 [Worker-38] INFO  o.e.m.c.i.p.ProjectConfigurationManager - Update started
2016-05-08 14:20:27,107 [Worker-38] INFO  o.e.m.c.i.l.LifecycleMappingFactory - Using org.eclipse.m2e.jdt.JarLifecycleMapping lifecycle mapping for MavenProject: sampleGooglePackage:sampleProject:0.0.1 @ E:\GIT Workspace\sampleProject\pom.xml.
2016-05-08 14:20:27,768 [Worker-38] INFO  o.e.m.j.i.AbstractJavaProjectConfigurator - Adding source folder /sampleProject/src/test/java
2016-05-08 14:20:27,769 [Worker-38] INFO  o.e.m.j.i.AbstractJavaProjectConfigurator - Adding source folder /sampleProject/src/test/java
2016-05-08 14:20:27,904 [Worker-38] INFO  o.e.m.c.i.p.ProjectConfigurationManager - Update completed: 1 sec
2016-05-08 14:20:28,441 [Worker-35] INFO  o.e.m.c.i.embedder.EclipseLogger - Using 'UTF-8' encoding to copy filtered resources.
2016-05-08 14:20:28,442 [Worker-35] INFO  o.e.m.c.i.embedder.EclipseLogger - skip non existing resourceDirectory E:\GIT Workspace\sampleProject\src\main\resources
2016-05-08 14:20:28,447 [Worker-35] INFO  o.e.m.c.i.embedder.EclipseLogger - Using 'UTF-8' encoding to copy filtered resources.
2016-05-08 14:20:28,447 [Worker-35] INFO  o.e.m.c.i.embedder.EclipseLogger - skip non existing resourceDirectory E:\GIT Workspace\sampleProject\src\test\resources
2016-05-08 14:21:24,398 [Worker-42] INFO  o.e.m.c.i.embedder.EclipseLogger - Using 'UTF-8' encoding to copy filtered resources.
2016-05-08 14:21:24,399 [Worker-42] INFO  o.e.m.c.i.embedder.EclipseLogger - skip non existing resourceDirectory E:\GIT Workspace\sampleProject\src\main\resources
2016-05-08 14:21:24,400 [Worker-42] INFO  o.e.m.c.i.embedder.EclipseLogger - Using 'UTF-8' encoding to copy filtered resources.
2016-05-08 14:21:24,400 [Worker-42] INFO  o.e.m.c.i.embedder.EclipseLogger - skip non existing resourceDirectory E:\GIT Workspace\sampleProject\src\test\resources
2016-05-08 14:21:58,811 [Worker-33] INFO  o.e.m.c.i.embedder.EclipseLogger - Using 'UTF-8' encoding to copy filtered resources.
2016-05-08 14:21:58,812 [Worker-33] INFO  o.e.m.c.i.embedder.EclipseLogger - skip non existing resourceDirectory E:\GIT Workspace\sampleProject\src\main\resources
2016-05-08 14:21:58,813 [Worker-33] INFO  o.e.m.c.i.embedder.EclipseLogger - Using 'UTF-8' encoding to copy filtered resources.
2016-05-08 14:21:58,813 [Worker-33] INFO  o.e.m.c.i.embedder.EclipseLogger - skip non existing resourceDirectory E:\GIT Workspace\sampleProject\src\test\resources
2016-05-08 14:22:36,913 [Worker-38] INFO  o.e.m.c.i.embedder.EclipseLogger - Using 'UTF-8' encoding to copy filtered resources.
2016-05-08 14:22:36,913 [Worker-38] INFO  o.e.m.c.i.embedder.EclipseLogger - skip non existing resourceDirectory E:\GIT Workspace\sampleProject\src\main\resources
2016-05-08 14:22:36,915 [Worker-38] INFO  o.e.m.c.i.embedder.EclipseLogger - Using 'UTF-8' encoding to copy filtered resources.
2016-05-08 14:22:36,915 [Worker-38] INFO  o.e.m.c.i.embedder.EclipseLogger - skip non existing resourceDirectory E:\GIT Workspace\sampleProject\src\test\resources
2016-05-08 14:23:30,083 [Worker-33] INFO  o.e.m.c.i.embedder.EclipseLogger - Using 'UTF-8' encoding to copy filtered resources.
2016-05-08 14:23:30,083 [Worker-33] INFO  o.e.m.c.i.embedder.EclipseLogger - skip non existing resourceDirectory E:\GIT Workspace\sampleProject\src\main\resources
2016-05-08 14:23:30,085 [Worker-33] INFO  o.e.m.c.i.embedder.EclipseLogger - Using 'UTF-8' encoding to copy filtered resources.
2016-05-08 14:23:30,085 [Worker-33] INFO  o.e.m.c.i.embedder.EclipseLogger - skip non existing resourceDirectory E:\GIT Workspace\sampleProject\src\test\resources
2016-05-08 14:23:41,414 [Worker-38] INFO  o.e.m.c.i.embedder.EclipseLogger - Using 'UTF-8' encoding to copy filtered resources.
2016-05-08 14:23:41,415 [Worker-38] INFO  o.e.m.c.i.embedder.EclipseLogger - skip non existing resourceDirectory E:\GIT Workspace\sampleProject\src\main\resources
2016-05-08 14:23:41,418 [Worker-38] INFO  o.e.m.c.i.embedder.EclipseLogger - Using 'UTF-8' encoding to copy filtered resources.
2016-05-08 14:23:41,418 [Worker-38] INFO  o.e.m.c.i.embedder.EclipseLogger - skip non existing resourceDirectory E:\GIT Workspace\sampleProject\src\test\resources
2016-05-08 14:23:55,799 [Worker-41] INFO  o.e.m.c.i.embedder.EclipseLogger - Using 'UTF-8' encoding to copy filtered resources.
2016-05-08 14:23:55,800 [Worker-41] INFO  o.e.m.c.i.embedder.EclipseLogger - skip non existing resourceDirectory E:\GIT Workspace\sampleProject\src\main\resources
2016-05-08 14:23:55,802 [Worker-41] INFO  o.e.m.c.i.embedder.EclipseLogger - Using 'UTF-8' encoding to copy filtered resources.
2016-05-08 14:23:55,803 [Worker-41] INFO  o.e.m.c.i.embedder.EclipseLogger - skip non existing resourceDirectory E:\GIT Workspace\sampleProject\src\test\resources
2016-05-08 14:25:29,947 [Worker-38] INFO  o.e.m.c.i.embedder.EclipseLogger - Using 'UTF-8' encoding to copy filtered resources.
2016-05-08 14:25:29,947 [Worker-38] INFO  o.e.m.c.i.embedder.EclipseLogger - skip non existing resourceDirectory E:\GIT Workspace\sampleProject\src\main\resources
2016-05-08 14:25:29,951 [Worker-38] INFO  o.e.m.c.i.embedder.EclipseLogger - Using 'UTF-8' encoding to copy filtered resources.
2016-05-08 14:25:29,951 [Worker-38] INFO  o.e.m.c.i.embedder.EclipseLogger - skip non existing resourceDirectory E:\GIT Workspace\sampleProject\src\test\resources
2016-05-08 14:26:11,332 [Worker-40] INFO  o.e.m.i.launch.MavenLaunchDelegate - E:\GIT Workspace\sampleProject
2016-05-08 14:26:11,333 [Worker-40] INFO  o.e.m.i.launch.MavenLaunchDelegate -  mvn  -B install
2016-05-08 15:02:33,477 [Worker-33] INFO  o.e.m.c.i.embedder.EclipseLogger - Using 'UTF-8' encoding to copy filtered resources.
2016-05-08 15:02:33,478 [Worker-33] INFO  o.e.m.c.i.embedder.EclipseLogger - skip non existing resourceDirectory E:\GIT Workspace\sampleProject\src\main\resources
2016-05-08 15:02:33,484 [Worker-33] INFO  o.e.m.c.i.embedder.EclipseLogger - Using 'UTF-8' encoding to copy filtered resources.
2016-05-08 15:02:33,484 [Worker-33] INFO  o.e.m.c.i.embedder.EclipseLogger - skip non existing resourceDirectory E:\GIT Workspace\sampleProject\src\test\resources
2016-05-08 15:02:50,403 [Worker-46] INFO  o.e.m.i.launch.MavenLaunchDelegate - E:\GIT Workspace\sampleProject
2016-05-08 15:02:50,403 [Worker-46] INFO  o.e.m.i.launch.MavenLaunchDelegate -  mvn  -B install
2016-05-08 15:03:27,567 [Worker-48] INFO  o.e.m.c.i.l.LifecycleMappingFactory - Using org.eclipse.m2e.jdt.JarLifecycleMapping lifecycle mapping for MavenProject: sampleGooglePackage:sampleProject:0.0.1 @ E:\GIT Workspace\sampleProject\pom.xml.
2016-05-08 15:03:28,365 [Worker-48] INFO  o.e.m.c.i.embedder.EclipseLogger - Using 'UTF-8' encoding to copy filtered resources.
2016-05-08 15:03:28,366 [Worker-48] INFO  o.e.m.c.i.embedder.EclipseLogger - skip non existing resourceDirectory E:\GIT Workspace\sampleProject\src\main\resources
2016-05-08 15:03:28,369 [Worker-48] INFO  o.e.m.c.i.embedder.EclipseLogger - Using 'UTF-8' encoding to copy filtered resources.
2016-05-08 15:03:28,370 [Worker-48] INFO  o.e.m.c.i.embedder.EclipseLogger - skip non existing resourceDirectory E:\GIT Workspace\sampleProject\src\test\resources
2016-05-08 15:03:30,355 [Worker-48] INFO  o.e.m.c.i.embedder.EclipseLogger - Using 'UTF-8' encoding to copy filtered resources.
2016-05-08 15:03:30,355 [Worker-48] INFO  o.e.m.c.i.embedder.EclipseLogger - skip non existing resourceDirectory E:\GIT Workspace\sampleProject\src\main\resources
2016-05-08 15:03:30,357 [Worker-48] INFO  o.e.m.c.i.embedder.EclipseLogger - Using 'UTF-8' encoding to copy filtered resources.
2016-05-08 15:03:30,357 [Worker-48] INFO  o.e.m.c.i.embedder.EclipseLogger - skip non existing resourceDirectory E:\GIT Workspace\sampleProject\src\test\resources
2016-05-08 15:03:33,215 [Worker-48] INFO  o.e.m.i.launch.MavenLaunchDelegate - E:\GIT Workspace\sampleProject
2016-05-08 15:03:33,216 [Worker-48] INFO  o.e.m.i.launch.MavenLaunchDelegate -  mvn  -B install
2016-05-08 15:03:58,441 [Worker-33] INFO  o.e.m.c.i.p.ProjectConfigurationManager - Update started
2016-05-08 15:03:59,361 [Worker-33] INFO  o.e.m.c.i.l.LifecycleMappingFactory - Using org.eclipse.m2e.jdt.JarLifecycleMapping lifecycle mapping for MavenProject: sampleGooglePackage:sampleProject:0.0.1 @ E:\GIT Workspace\sampleProject\pom.xml.
2016-05-08 15:04:00,026 [Worker-33] INFO  o.e.m.j.i.AbstractJavaProjectConfigurator - Adding source folder /sampleProject/src/test/java
2016-05-08 15:04:00,027 [Worker-33] INFO  o.e.m.j.i.AbstractJavaProjectConfigurator - Adding source folder /sampleProject/src/test/java
2016-05-08 15:04:00,177 [Worker-33] INFO  o.e.m.c.i.p.ProjectConfigurationManager - Update completed: 1 sec
2016-05-08 15:04:00,731 [Worker-47] INFO  o.e.m.c.i.embedder.EclipseLogger - Using 'UTF-8' encoding to copy filtered resources.
2016-05-08 15:04:00,731 [Worker-47] INFO  o.e.m.c.i.embedder.EclipseLogger - skip non existing resourceDirectory E:\GIT Workspace\sampleProject\src\main\resources
2016-05-08 15:04:00,734 [Worker-47] INFO  o.e.m.c.i.embedder.EclipseLogger - Using 'UTF-8' encoding to copy filtered resources.
2016-05-08 15:04:00,734 [Worker-47] INFO  o.e.m.c.i.embedder.EclipseLogger - skip non existing resourceDirectory E:\GIT Workspace\sampleProject\src\test\resources
2016-05-08 15:04:31,952 [Worker-48] INFO  o.e.m.c.i.embedder.EclipseLogger - Using 'UTF-8' encoding to copy filtered resources.
2016-05-08 15:04:31,952 [Worker-48] INFO  o.e.m.c.i.embedder.EclipseLogger - skip non existing resourceDirectory E:\GIT Workspace\sampleProject\src\main\resources
2016-05-08 15:04:31,954 [Worker-48] INFO  o.e.m.c.i.embedder.EclipseLogger - Using 'UTF-8' encoding to copy filtered resources.
2016-05-08 15:04:31,954 [Worker-48] INFO  o.e.m.c.i.embedder.EclipseLogger - skip non existing resourceDirectory E:\GIT Workspace\sampleProject\src\test\resources
2016-05-08 15:04:42,779 [Worker-46] INFO  o.e.m.i.launch.MavenLaunchDelegate - E:\GIT Workspace\sampleProject
2016-05-08 15:04:42,779 [Worker-46] INFO  o.e.m.i.launch.MavenLaunchDelegate -  mvn  -B install
2016-05-08 15:05:23,192 [Worker-48] INFO  o.e.m.c.i.l.LifecycleMappingFactory - Using org.eclipse.m2e.jdt.JarLifecycleMapping lifecycle mapping for MavenProject: sampleGooglePackage:sampleProject:0.0.1 @ E:\GIT Workspace\sampleProject\pom.xml.
2016-05-08 15:05:24,244 [Worker-48] INFO  o.e.m.c.i.embedder.EclipseLogger - Using 'UTF-8' encoding to copy filtered resources.
2016-05-08 15:05:24,244 [Worker-48] INFO  o.e.m.c.i.embedder.EclipseLogger - skip non existing resourceDirectory E:\GIT Workspace\sampleProject\src\main\resources
2016-05-08 15:05:24,247 [Worker-48] INFO  o.e.m.c.i.embedder.EclipseLogger - Using 'UTF-8' encoding to copy filtered resources.
2016-05-08 15:05:24,248 [Worker-48] INFO  o.e.m.c.i.embedder.EclipseLogger - skip non existing resourceDirectory E:\GIT Workspace\sampleProject\src\test\resources
2016-05-08 15:05:29,252 [Worker-47] INFO  o.e.m.c.i.p.ProjectConfigurationManager - Update started
2016-05-08 15:05:30,256 [Worker-47] INFO  o.e.m.c.i.l.LifecycleMappingFactory - Using org.eclipse.m2e.jdt.JarLifecycleMapping lifecycle mapping for MavenProject: sampleGooglePackage:sampleProject:0.0.1 @ E:\GIT Workspace\sampleProject\pom.xml.
2016-05-08 15:05:31,003 [Worker-47] INFO  o.e.m.j.i.AbstractJavaProjectConfigurator - Adding source folder /sampleProject/src/test/java
2016-05-08 15:05:31,004 [Worker-47] INFO  o.e.m.j.i.AbstractJavaProjectConfigurator - Adding source folder /sampleProject/src/test/java
2016-05-08 15:05:31,166 [Worker-47] INFO  o.e.m.c.i.p.ProjectConfigurationManager - Update completed: 1 sec
2016-05-08 15:05:31,714 [Worker-48] INFO  o.e.m.c.i.embedder.EclipseLogger - Using 'UTF-8' encoding to copy filtered resources.
2016-05-08 15:05:31,715 [Worker-48] INFO  o.e.m.c.i.embedder.EclipseLogger - skip non existing resourceDirectory E:\GIT Workspace\sampleProject\src\main\resources
2016-05-08 15:05:31,718 [Worker-48] INFO  o.e.m.c.i.embedder.EclipseLogger - Using 'UTF-8' encoding to copy filtered resources.
2016-05-08 15:05:31,718 [Worker-48] INFO  o.e.m.c.i.embedder.EclipseLogger - skip non existing resourceDirectory E:\GIT Workspace\sampleProject\src\test\resources
2016-05-08 15:09:22,410 [Worker-33] INFO  o.e.m.c.i.l.LifecycleMappingFactory - Using org.eclipse.m2e.jdt.JarLifecycleMapping lifecycle mapping for MavenProject: sampleGooglePackage:sampleProject:0.0.1 @ E:\GIT Workspace\sampleProject\pom.xml.
2016-05-08 15:09:23,213 [Worker-33] INFO  o.e.m.c.i.embedder.EclipseLogger - Using 'UTF-8' encoding to copy filtered resources.
2016-05-08 15:09:23,214 [Worker-33] INFO  o.e.m.c.i.embedder.EclipseLogger - skip non existing resourceDirectory E:\GIT Workspace\sampleProject\src\main\resources
2016-05-08 15:09:23,217 [Worker-33] INFO  o.e.m.c.i.embedder.EclipseLogger - Using 'UTF-8' encoding to copy filtered resources.
2016-05-08 15:09:23,218 [Worker-33] INFO  o.e.m.c.i.embedder.EclipseLogger - skip non existing resourceDirectory E:\GIT Workspace\sampleProject\src\test\resources
2016-05-08 15:10:24,242 [Worker-33] ERROR o.e.m2e.editor.pom.MavenPomEditor - failed to load maven project for org.eclipse.ui.part.FileEditorInput(/sampleProject/pom.xml)
org.eclipse.core.runtime.CoreException: Could not read maven project
	at org.eclipse.m2e.core.internal.project.registry.ProjectRegistryManager.readProjectWithDependencies(ProjectRegistryManager.java:804) ~[na:na]
	at org.eclipse.m2e.core.internal.project.registry.ProjectRegistryManager$6.call(ProjectRegistryManager.java:999) ~[na:na]
	at org.eclipse.m2e.core.internal.project.registry.ProjectRegistryManager$6.call(ProjectRegistryManager.java:1) ~[na:na]
	at com.google.common.cache.LocalCache$LocalManualCache$1.load(LocalCache.java:4724) ~[na:na]
	at com.google.common.cache.LocalCache$LoadingValueReference.loadFuture(LocalCache.java:3522) ~[na:na]
	at com.google.common.cache.LocalCache$Segment.loadSync(LocalCache.java:2315) ~[na:na]
	at com.google.common.cache.LocalCache$Segment.lockedGetOrLoad(LocalCache.java:2278) ~[na:na]
	at com.google.common.cache.LocalCache$Segment.get(LocalCache.java:2193) ~[na:na]
	at com.google.common.cache.LocalCache.get(LocalCache.java:3932) ~[na:na]
	at com.google.common.cache.LocalCache$LocalManualCache.get(LocalCache.java:4721) ~[na:na]
	at org.eclipse.m2e.core.internal.project.registry.ProjectRegistryManager.getMavenProject(ProjectRegistryManager.java:997) ~[na:na]
	at org.eclipse.m2e.core.internal.project.registry.MavenProjectFacade.getMavenProject(MavenProjectFacade.java:242) ~[na:na]
	at org.eclipse.m2e.core.ui.internal.actions.SelectionUtil.getMavenProject(SelectionUtil.java:261) ~[org.eclipse.m2e.core.ui_1.6.2.20150902-0002.jar:na]
	at org.eclipse.m2e.editor.pom.MavenPomEditor.readMavenProject(MavenPomEditor.java:729) ~[na:na]
	at org.eclipse.m2e.editor.pom.MavenPomEditor$5.run(MavenPomEditor.java:1050) ~[na:na]
	at org.eclipse.core.internal.jobs.Worker.run(Worker.java:55) [org.eclipse.core.jobs_3.7.0.v20150330-2103.jar:na]
2016-05-08 15:10:24,288 [Worker-46] ERROR o.e.m.c.i.p.r.ProjectRegistryManager - Could not read pom.xml
org.eclipse.core.runtime.CoreException: Could not read pom.xml
	at org.eclipse.m2e.core.internal.embedder.MavenImpl.readModel(MavenImpl.java:565) ~[org.eclipse.m2e.core_1.6.2.20150902-0002.jar:na]
	at org.eclipse.m2e.core.internal.embedder.MavenImpl.readModel(MavenImpl.java:574) ~[org.eclipse.m2e.core_1.6.2.20150902-0002.jar:na]
	at org.eclipse.m2e.core.internal.project.registry.ProjectRegistryManager.refreshPhase2(ProjectRegistryManager.java:541) [org.eclipse.m2e.core_1.6.2.20150902-0002.jar:na]
	at org.eclipse.m2e.core.internal.project.registry.ProjectRegistryManager.refresh(ProjectRegistryManager.java:497) [org.eclipse.m2e.core_1.6.2.20150902-0002.jar:na]
	at org.eclipse.m2e.core.internal.project.registry.ProjectRegistryManager.refresh(ProjectRegistryManager.java:350) [org.eclipse.m2e.core_1.6.2.20150902-0002.jar:na]
	at org.eclipse.m2e.core.internal.project.registry.ProjectRegistryManager.refresh(ProjectRegistryManager.java:297) [org.eclipse.m2e.core_1.6.2.20150902-0002.jar:na]
	at org.eclipse.m2e.core.internal.builder.MavenBuilder$BuildMethod.getProjectFacade(MavenBuilder.java:154) [org.eclipse.m2e.core_1.6.2.20150902-0002.jar:na]
	at org.eclipse.m2e.core.internal.builder.MavenBuilder$BuildMethod$1.call(MavenBuilder.java:89) [org.eclipse.m2e.core_1.6.2.20150902-0002.jar:na]
	at org.eclipse.m2e.core.internal.embedder.MavenExecutionContext.executeBare(MavenExecutionContext.java:176) [org.eclipse.m2e.core_1.6.2.20150902-0002.jar:na]
	at org.eclipse.m2e.core.internal.embedder.MavenExecutionContext.execute(MavenExecutionContext.java:151) [org.eclipse.m2e.core_1.6.2.20150902-0002.jar:na]
	at org.eclipse.m2e.core.internal.embedder.MavenExecutionContext.execute(MavenExecutionContext.java:99) [org.eclipse.m2e.core_1.6.2.20150902-0002.jar:na]
	at org.eclipse.m2e.core.internal.builder.MavenBuilder$BuildMethod.execute(MavenBuilder.java:86) [org.eclipse.m2e.core_1.6.2.20150902-0002.jar:na]
	at org.eclipse.m2e.core.internal.builder.MavenBuilder.build(MavenBuilder.java:200) [org.eclipse.m2e.core_1.6.2.20150902-0002.jar:na]
	at org.eclipse.core.internal.events.BuildManager$2.run(BuildManager.java:734) [org.eclipse.core.resources_3.10.0.v20150423-0755.jar:na]
	at org.eclipse.core.runtime.SafeRunner.run(SafeRunner.java:42) [org.eclipse.equinox.common_3.7.0.v20150402-1709.jar:na]
	at org.eclipse.core.internal.events.BuildManager.basicBuild(BuildManager.java:205) [org.eclipse.core.resources_3.10.0.v20150423-0755.jar:na]
	at org.eclipse.core.internal.events.BuildManager.basicBuild(BuildManager.java:245) [org.eclipse.core.resources_3.10.0.v20150423-0755.jar:na]
	at org.eclipse.core.internal.events.BuildManager$1.run(BuildManager.java:300) [org.eclipse.core.resources_3.10.0.v20150423-0755.jar:na]
	at org.eclipse.core.runtime.SafeRunner.run(SafeRunner.java:42) [org.eclipse.equinox.common_3.7.0.v20150402-1709.jar:na]
	at org.eclipse.core.internal.events.BuildManager.basicBuild(BuildManager.java:303) [org.eclipse.core.resources_3.10.0.v20150423-0755.jar:na]
	at org.eclipse.core.internal.events.BuildManager.basicBuildLoop(BuildManager.java:359) [org.eclipse.core.resources_3.10.0.v20150423-0755.jar:na]
	at org.eclipse.core.internal.events.BuildManager.build(BuildManager.java:382) [org.eclipse.core.resources_3.10.0.v20150423-0755.jar:na]
	at org.eclipse.core.internal.events.AutoBuildJob.doBuild(AutoBuildJob.java:144) [org.eclipse.core.resources_3.10.0.v20150423-0755.jar:na]
	at org.eclipse.core.internal.events.AutoBuildJob.run(AutoBuildJob.java:235) [org.eclipse.core.resources_3.10.0.v20150423-0755.jar:na]
	at org.eclipse.core.internal.jobs.Worker.run(Worker.java:55) [org.eclipse.core.jobs_3.7.0.v20150330-2103.jar:na]
Caused by: org.apache.maven.model.io.ModelParseException: Unrecognised tag: 'project' (position: START_TAG seen ...apache.org/POM/4.0.0 http://maven.apache.org/xsd/maven-4.0.0.xsd">... @3:205) 
	at org.apache.maven.model.io.DefaultModelReader.read(DefaultModelReader.java:130) ~[maven-model-builder-3.3.3.jar:3.3.3]
	at org.apache.maven.model.io.DefaultModelReader.read(DefaultModelReader.java:94) ~[maven-model-builder-3.3.3.jar:3.3.3]
	at org.eclipse.m2e.core.internal.embedder.MavenImpl.readModel(MavenImpl.java:563) ~[org.eclipse.m2e.core_1.6.2.20150902-0002.jar:na]
	... 24 common frames omitted
Caused by: org.codehaus.plexus.util.xml.pull.XmlPullParserException: Unrecognised tag: 'project' (position: START_TAG seen ...apache.org/POM/4.0.0 http://maven.apache.org/xsd/maven-4.0.0.xsd">... @3:205) 
	at org.apache.maven.model.io.xpp3.MavenXpp3Reader.checkUnknownElement(MavenXpp3Reader.java:152) ~[maven-model-3.3.3.jar:3.3.3]
	at org.apache.maven.model.io.xpp3.MavenXpp3Reader.parseModel(MavenXpp3Reader.java:2267) ~[maven-model-3.3.3.jar:3.3.3]
	at org.apache.maven.model.io.xpp3.MavenXpp3Reader.read(MavenXpp3Reader.java:3807) ~[maven-model-3.3.3.jar:3.3.3]
	at org.apache.maven.model.io.xpp3.MavenXpp3Reader.read(MavenXpp3Reader.java:557) ~[maven-model-3.3.3.jar:3.3.3]
	at org.apache.maven.model.io.DefaultModelReader.read(DefaultModelReader.java:125) ~[maven-model-builder-3.3.3.jar:3.3.3]
	... 26 common frames omitted
2016-05-08 15:10:25,944 [Worker-47] ERROR o.e.m.c.i.p.r.ProjectRegistryManager - Could not read pom.xml
org.eclipse.core.runtime.CoreException: Could not read pom.xml
	at org.eclipse.m2e.core.internal.embedder.MavenImpl.readModel(MavenImpl.java:565) ~[org.eclipse.m2e.core_1.6.2.20150902-0002.jar:na]
	at org.eclipse.m2e.core.internal.embedder.MavenImpl.readModel(MavenImpl.java:574) ~[org.eclipse.m2e.core_1.6.2.20150902-0002.jar:na]
	at org.eclipse.m2e.core.internal.project.registry.ProjectRegistryManager.refreshPhase2(ProjectRegistryManager.java:541) [org.eclipse.m2e.core_1.6.2.20150902-0002.jar:na]
	at org.eclipse.m2e.core.internal.project.registry.ProjectRegistryManager.refresh(ProjectRegistryManager.java:497) [org.eclipse.m2e.core_1.6.2.20150902-0002.jar:na]
	at org.eclipse.m2e.core.internal.project.registry.ProjectRegistryManager.refresh(ProjectRegistryManager.java:350) [org.eclipse.m2e.core_1.6.2.20150902-0002.jar:na]
	at org.eclipse.m2e.core.internal.project.registry.ProjectRegistryManager.refresh(ProjectRegistryManager.java:297) [org.eclipse.m2e.core_1.6.2.20150902-0002.jar:na]
	at org.eclipse.m2e.core.internal.builder.MavenBuilder$BuildMethod.getProjectFacade(MavenBuilder.java:154) [org.eclipse.m2e.core_1.6.2.20150902-0002.jar:na]
	at org.eclipse.m2e.core.internal.builder.MavenBuilder$BuildMethod$1.call(MavenBuilder.java:89) [org.eclipse.m2e.core_1.6.2.20150902-0002.jar:na]
	at org.eclipse.m2e.core.internal.embedder.MavenExecutionContext.executeBare(MavenExecutionContext.java:176) [org.eclipse.m2e.core_1.6.2.20150902-0002.jar:na]
	at org.eclipse.m2e.core.internal.embedder.MavenExecutionContext.execute(MavenExecutionContext.java:151) [org.eclipse.m2e.core_1.6.2.20150902-0002.jar:na]
	at org.eclipse.m2e.core.internal.embedder.MavenExecutionContext.execute(MavenExecutionContext.java:99) [org.eclipse.m2e.core_1.6.2.20150902-0002.jar:na]
	at org.eclipse.m2e.core.internal.builder.MavenBuilder$BuildMethod.execute(MavenBuilder.java:86) [org.eclipse.m2e.core_1.6.2.20150902-0002.jar:na]
	at org.eclipse.m2e.core.internal.builder.MavenBuilder.build(MavenBuilder.java:200) [org.eclipse.m2e.core_1.6.2.20150902-0002.jar:na]
	at org.eclipse.core.internal.events.BuildManager$2.run(BuildManager.java:734) [org.eclipse.core.resources_3.10.0.v20150423-0755.jar:na]
	at org.eclipse.core.runtime.SafeRunner.run(SafeRunner.java:42) [org.eclipse.equinox.common_3.7.0.v20150402-1709.jar:na]
	at org.eclipse.core.internal.events.BuildManager.basicBuild(BuildManager.java:205) [org.eclipse.core.resources_3.10.0.v20150423-0755.jar:na]
	at org.eclipse.core.internal.events.BuildManager.basicBuild(BuildManager.java:245) [org.eclipse.core.resources_3.10.0.v20150423-0755.jar:na]
	at org.eclipse.core.internal.events.BuildManager$1.run(BuildManager.java:300) [org.eclipse.core.resources_3.10.0.v20150423-0755.jar:na]
	at org.eclipse.core.runtime.SafeRunner.run(SafeRunner.java:42) [org.eclipse.equinox.common_3.7.0.v20150402-1709.jar:na]
	at org.eclipse.core.internal.events.BuildManager.basicBuild(BuildManager.java:303) [org.eclipse.core.resources_3.10.0.v20150423-0755.jar:na]
	at org.eclipse.core.internal.events.BuildManager.basicBuildLoop(BuildManager.java:359) [org.eclipse.core.resources_3.10.0.v20150423-0755.jar:na]
	at org.eclipse.core.internal.events.BuildManager.build(BuildManager.java:382) [org.eclipse.core.resources_3.10.0.v20150423-0755.jar:na]
	at org.eclipse.core.internal.events.AutoBuildJob.doBuild(AutoBuildJob.java:144) [org.eclipse.core.resources_3.10.0.v20150423-0755.jar:na]
	at org.eclipse.core.internal.events.AutoBuildJob.run(AutoBuildJob.java:235) [org.eclipse.core.resources_3.10.0.v20150423-0755.jar:na]
	at org.eclipse.core.internal.jobs.Worker.run(Worker.java:55) [org.eclipse.core.jobs_3.7.0.v20150330-2103.jar:na]
Caused by: org.apache.maven.model.io.ModelParseException: Unrecognised tag: 'project' (position: START_TAG seen ...apache.org/POM/4.0.0 http://maven.apache.org/xsd/maven-4.0.0.xsd">... @3:205) 
	at org.apache.maven.model.io.DefaultModelReader.read(DefaultModelReader.java:130) ~[maven-model-builder-3.3.3.jar:3.3.3]
	at org.apache.maven.model.io.DefaultModelReader.read(DefaultModelReader.java:94) ~[maven-model-builder-3.3.3.jar:3.3.3]
	at org.eclipse.m2e.core.internal.embedder.MavenImpl.readModel(MavenImpl.java:563) ~[org.eclipse.m2e.core_1.6.2.20150902-0002.jar:na]
	... 24 common frames omitted
Caused by: org.codehaus.plexus.util.xml.pull.XmlPullParserException: Unrecognised tag: 'project' (position: START_TAG seen ...apache.org/POM/4.0.0 http://maven.apache.org/xsd/maven-4.0.0.xsd">... @3:205) 
	at org.apache.maven.model.io.xpp3.MavenXpp3Reader.checkUnknownElement(MavenXpp3Reader.java:152) ~[maven-model-3.3.3.jar:3.3.3]
	at org.apache.maven.model.io.xpp3.MavenXpp3Reader.parseModel(MavenXpp3Reader.java:2267) ~[maven-model-3.3.3.jar:3.3.3]
	at org.apache.maven.model.io.xpp3.MavenXpp3Reader.read(MavenXpp3Reader.java:3807) ~[maven-model-3.3.3.jar:3.3.3]
	at org.apache.maven.model.io.xpp3.MavenXpp3Reader.read(MavenXpp3Reader.java:557) ~[maven-model-3.3.3.jar:3.3.3]
	at org.apache.maven.model.io.DefaultModelReader.read(DefaultModelReader.java:125) ~[maven-model-builder-3.3.3.jar:3.3.3]
	... 26 common frames omitted
2016-05-08 15:13:52,942 [Worker-53] INFO  o.e.m.c.i.l.LifecycleMappingFactory - Using org.eclipse.m2e.jdt.JarLifecycleMapping lifecycle mapping for MavenProject: sampleGooglePackage:sampleProject:0.0.1 @ E:\GIT Workspace\sampleProject\pom.xml.
2016-05-08 15:13:53,865 [Worker-53] INFO  o.e.m.c.i.embedder.EclipseLogger - Using 'UTF-8' encoding to copy filtered resources.
2016-05-08 15:13:53,866 [Worker-53] INFO  o.e.m.c.i.embedder.EclipseLogger - skip non existing resourceDirectory E:\GIT Workspace\sampleProject\src\main\resources
2016-05-08 15:13:53,867 [Worker-53] INFO  o.e.m.c.i.embedder.EclipseLogger - Using 'UTF-8' encoding to copy filtered resources.
2016-05-08 15:13:53,868 [Worker-53] INFO  o.e.m.c.i.embedder.EclipseLogger - skip non existing resourceDirectory E:\GIT Workspace\sampleProject\src\test\resources
2016-05-08 15:14:29,983 [Worker-50] INFO  o.e.m.c.i.p.ProjectConfigurationManager - Update started
2016-05-08 15:14:30,988 [Worker-50] INFO  o.e.m.c.i.l.LifecycleMappingFactory - Using org.eclipse.m2e.jdt.JarLifecycleMapping lifecycle mapping for MavenProject: sampleGooglePackage:sampleProject:0.0.1 @ E:\GIT Workspace\sampleProject\pom.xml.
2016-05-08 15:14:31,781 [Worker-50] INFO  o.e.m.j.i.AbstractJavaProjectConfigurator - Adding source folder /sampleProject/src/test/java
2016-05-08 15:14:31,782 [Worker-50] INFO  o.e.m.j.i.AbstractJavaProjectConfigurator - Adding source folder /sampleProject/src/test/java
2016-05-08 15:14:31,937 [Worker-50] INFO  o.e.m.c.i.p.ProjectConfigurationManager - Update completed: 1 sec
2016-05-08 15:14:32,466 [Worker-54] INFO  o.e.m.c.i.embedder.EclipseLogger - Using 'UTF-8' encoding to copy filtered resources.
2016-05-08 15:14:32,466 [Worker-54] INFO  o.e.m.c.i.embedder.EclipseLogger - skip non existing resourceDirectory E:\GIT Workspace\sampleProject\src\main\resources
2016-05-08 15:14:32,469 [Worker-54] INFO  o.e.m.c.i.embedder.EclipseLogger - Using 'UTF-8' encoding to copy filtered resources.
2016-05-08 15:14:32,469 [Worker-54] INFO  o.e.m.c.i.embedder.EclipseLogger - skip non existing resourceDirectory E:\GIT Workspace\sampleProject\src\test\resources
2016-05-08 15:14:53,275 [Worker-50] INFO  o.e.m.c.i.l.LifecycleMappingFactory - Using org.eclipse.m2e.jdt.JarLifecycleMapping lifecycle mapping for MavenProject: sampleGooglePackage:sampleProject:0.0.1 @ E:\GIT Workspace\sampleProject\pom.xml.
2016-05-08 15:14:53,961 [Worker-50] INFO  o.e.m.c.i.embedder.EclipseLogger - Using 'UTF-8' encoding to copy filtered resources.
2016-05-08 15:14:53,961 [Worker-50] INFO  o.e.m.c.i.embedder.EclipseLogger - skip non existing resourceDirectory E:\GIT Workspace\sampleProject\src\main\resources
2016-05-08 15:14:53,963 [Worker-50] INFO  o.e.m.c.i.embedder.EclipseLogger - Using 'UTF-8' encoding to copy filtered resources.
2016-05-08 15:14:53,964 [Worker-50] INFO  o.e.m.c.i.embedder.EclipseLogger - skip non existing resourceDirectory E:\GIT Workspace\sampleProject\src\test\resources
2016-05-08 15:16:17,259 [Worker-50] INFO  o.e.m.c.i.l.LifecycleMappingFactory - Using org.eclipse.m2e.jdt.JarLifecycleMapping lifecycle mapping for MavenProject: sampleGooglePackage:sampleProject:0.0.1 @ E:\GIT Workspace\sampleProject\pom.xml.
2016-05-08 15:16:17,704 [Worker-50] INFO  o.e.m.c.i.embedder.EclipseLogger - Using 'UTF-8' encoding to copy filtered resources.
2016-05-08 15:16:17,704 [Worker-50] INFO  o.e.m.c.i.embedder.EclipseLogger - skip non existing resourceDirectory E:\GIT Workspace\sampleProject\src\main\resources
2016-05-08 15:16:17,705 [Worker-50] INFO  o.e.m.c.i.embedder.EclipseLogger - Using 'UTF-8' encoding to copy filtered resources.
2016-05-08 15:16:17,706 [Worker-50] INFO  o.e.m.c.i.embedder.EclipseLogger - skip non existing resourceDirectory E:\GIT Workspace\sampleProject\src\test\resources
2016-05-08 15:17:30,115 [Worker-53] INFO  o.e.m.i.launch.MavenLaunchDelegate - E:\GIT Workspace\sampleProject
2016-05-08 15:17:30,116 [Worker-53] INFO  o.e.m.i.launch.MavenLaunchDelegate -  mvn  -B clean
2016-05-08 15:17:47,907 [Worker-56] INFO  o.e.m.i.launch.MavenLaunchDelegate - E:\GIT Workspace\sampleProject
2016-05-08 15:17:47,907 [Worker-56] INFO  o.e.m.i.launch.MavenLaunchDelegate -  mvn  -B install
2016-05-08 15:18:40,662 [Worker-57] INFO  o.e.m.c.i.l.LifecycleMappingFactory - Using org.eclipse.m2e.jdt.JarLifecycleMapping lifecycle mapping for MavenProject: sampleGooglePackage:sampleProject:0.0.1 @ E:\GIT Workspace\sampleProject\pom.xml.
2016-05-08 15:18:41,423 [Worker-57] INFO  o.e.m.c.i.embedder.EclipseLogger - Using 'UTF-8' encoding to copy filtered resources.
2016-05-08 15:18:41,423 [Worker-57] INFO  o.e.m.c.i.embedder.EclipseLogger - skip non existing resourceDirectory E:\GIT Workspace\sampleProject\src\main\resources
2016-05-08 15:18:41,426 [Worker-57] INFO  o.e.m.c.i.embedder.EclipseLogger - Using 'UTF-8' encoding to copy filtered resources.
2016-05-08 15:18:41,426 [Worker-57] INFO  o.e.m.c.i.embedder.EclipseLogger - skip non existing resourceDirectory E:\GIT Workspace\sampleProject\src\test\resources
2016-05-08 15:18:43,941 [Worker-57] INFO  o.e.m.c.i.embedder.EclipseLogger - Using 'UTF-8' encoding to copy filtered resources.
2016-05-08 15:18:43,941 [Worker-57] INFO  o.e.m.c.i.embedder.EclipseLogger - skip non existing resourceDirectory E:\GIT Workspace\sampleProject\src\main\resources
2016-05-08 15:18:43,943 [Worker-57] INFO  o.e.m.c.i.embedder.EclipseLogger - Using 'UTF-8' encoding to copy filtered resources.
2016-05-08 15:18:43,944 [Worker-57] INFO  o.e.m.c.i.embedder.EclipseLogger - skip non existing resourceDirectory E:\GIT Workspace\sampleProject\src\test\resources
2016-05-08 15:18:51,895 [Worker-58] INFO  o.e.m.c.i.l.LifecycleMappingFactory - Using org.eclipse.m2e.jdt.JarLifecycleMapping lifecycle mapping for MavenProject: sampleGooglePackage:sampleProject:0.0.1 @ E:\GIT Workspace\sampleProject\pom.xml.
2016-05-08 15:18:52,526 [Worker-58] INFO  o.e.m.c.i.embedder.EclipseLogger - Using 'UTF-8' encoding to copy filtered resources.
2016-05-08 15:18:52,527 [Worker-58] INFO  o.e.m.c.i.embedder.EclipseLogger - skip non existing resourceDirectory E:\GIT Workspace\sampleProject\src\main\resources
2016-05-08 15:18:52,529 [Worker-58] INFO  o.e.m.c.i.embedder.EclipseLogger - Using 'UTF-8' encoding to copy filtered resources.
2016-05-08 15:18:52,529 [Worker-58] INFO  o.e.m.c.i.embedder.EclipseLogger - skip non existing resourceDirectory E:\GIT Workspace\sampleProject\src\test\resources
2016-05-08 15:19:04,174 [Worker-59] INFO  o.e.m.i.launch.MavenLaunchDelegate - E:\GIT Workspace\sampleProject
2016-05-08 15:19:04,177 [Worker-59] INFO  o.e.m.i.launch.MavenLaunchDelegate -  mvn  -B clean
2016-05-08 15:19:21,597 [Worker-53] INFO  o.e.m.i.launch.MavenLaunchDelegate - E:\GIT Workspace\sampleProject
2016-05-08 15:19:21,597 [Worker-53] INFO  o.e.m.i.launch.MavenLaunchDelegate -  mvn  -B install
2016-05-08 15:21:59,994 [Worker-60] INFO  o.e.m.i.launch.MavenLaunchDelegate - E:\GIT Workspace\sampleProject
2016-05-08 15:21:59,995 [Worker-60] INFO  o.e.m.i.launch.MavenLaunchDelegate -  mvn  -B install
2016-05-08 15:22:29,577 [Worker-61] INFO  o.e.m.i.launch.MavenLaunchDelegate - E:\GIT Workspace\sampleProject
2016-05-08 15:22:29,577 [Worker-61] INFO  o.e.m.i.launch.MavenLaunchDelegate -  mvn  -B clean
2016-05-08 15:22:40,957 [Worker-61] INFO  o.e.m.i.launch.MavenLaunchDelegate - E:\GIT Workspace\sampleProject
2016-05-08 15:22:40,957 [Worker-61] INFO  o.e.m.i.launch.MavenLaunchDelegate -  mvn  -B install
2016-05-08 15:24:05,940 [Worker-60] INFO  o.e.m.c.i.p.ProjectConfigurationManager - Update started
2016-05-08 15:24:06,981 [Worker-60] INFO  o.e.m.c.i.l.LifecycleMappingFactory - Using org.eclipse.m2e.jdt.JarLifecycleMapping lifecycle mapping for MavenProject: sampleGooglePackage:sampleProject:0.0.1 @ E:\GIT Workspace\sampleProject\pom.xml.
2016-05-08 15:24:08,513 [Worker-60] INFO  o.e.m.j.i.AbstractJavaProjectConfigurator - Adding source folder /sampleProject/src/test/java
2016-05-08 15:24:08,514 [Worker-60] INFO  o.e.m.j.i.AbstractJavaProjectConfigurator - Adding source folder /sampleProject/src/test/java
2016-05-08 15:24:08,703 [Worker-60] INFO  o.e.m.c.i.p.ProjectConfigurationManager - Update completed: 2 sec
2016-05-08 15:24:09,357 [Worker-56] INFO  o.e.m.c.i.embedder.EclipseLogger - Using 'UTF-8' encoding to copy filtered resources.
2016-05-08 15:24:09,358 [Worker-56] INFO  o.e.m.c.i.embedder.EclipseLogger - skip non existing resourceDirectory E:\GIT Workspace\sampleProject\src\main\resources
2016-05-08 15:24:09,361 [Worker-56] INFO  o.e.m.c.i.embedder.EclipseLogger - Using 'UTF-8' encoding to copy filtered resources.
2016-05-08 15:24:09,361 [Worker-56] INFO  o.e.m.c.i.embedder.EclipseLogger - skip non existing resourceDirectory E:\GIT Workspace\sampleProject\src\test\resources
2016-05-08 15:24:52,602 [Worker-62] INFO  o.e.m.i.launch.MavenLaunchDelegate - E:\GIT Workspace\sampleProject
2016-05-08 15:24:52,602 [Worker-62] INFO  o.e.m.i.launch.MavenLaunchDelegate -  mvn  -B install
2016-05-08 15:30:53,525 [Worker-56] INFO  o.e.m.c.i.l.LifecycleMappingFactory - Using org.eclipse.m2e.jdt.JarLifecycleMapping lifecycle mapping for MavenProject: sampleGooglePackage:sampleProject:0.0.1 @ E:\GIT Workspace\sampleProject\pom.xml.
2016-05-08 15:30:54,206 [Worker-56] INFO  o.e.m.c.i.embedder.EclipseLogger - Using 'UTF-8' encoding to copy filtered resources.
2016-05-08 15:30:54,207 [Worker-56] INFO  o.e.m.c.i.embedder.EclipseLogger - skip non existing resourceDirectory E:\GIT Workspace\sampleProject\src\main\resources
2016-05-08 15:30:54,210 [Worker-56] INFO  o.e.m.c.i.embedder.EclipseLogger - Using 'UTF-8' encoding to copy filtered resources.
2016-05-08 15:30:54,210 [Worker-56] INFO  o.e.m.c.i.embedder.EclipseLogger - skip non existing resourceDirectory E:\GIT Workspace\sampleProject\src\test\resources
2016-05-08 15:30:58,281 [Worker-66] INFO  o.e.m.i.launch.MavenLaunchDelegate - E:\GIT Workspace\sampleProject
2016-05-08 15:30:58,281 [Worker-66] INFO  o.e.m.i.launch.MavenLaunchDelegate -  mvn  -B install
2016-05-08 15:32:24,818 [Worker-11] INFO  o.e.m.c.i.embedder.EclipseLogger - Using 'UTF-8' encoding to copy filtered resources.
2016-05-08 15:32:24,821 [Worker-11] INFO  o.e.m.c.i.embedder.EclipseLogger - skip non existing resourceDirectory E:\GIT Workspace\sampleProject\src\main\resources
2016-05-08 15:32:24,824 [Worker-11] INFO  o.e.m.c.i.embedder.EclipseLogger - Using 'UTF-8' encoding to copy filtered resources.
2016-05-08 15:32:24,824 [Worker-11] INFO  o.e.m.c.i.embedder.EclipseLogger - skip non existing resourceDirectory E:\GIT Workspace\sampleProject\src\test\resources
2016-05-08 15:32:45,409 [Worker-9] INFO  o.e.m.i.launch.MavenLaunchDelegate - E:\GIT Workspace\sampleProject
2016-05-08 15:32:45,409 [Worker-9] INFO  o.e.m.i.launch.MavenLaunchDelegate -  mvn  -B install
2016-05-08 15:33:49,559 [Worker-4] INFO  o.e.m.c.i.l.LifecycleMappingFactory - Using org.eclipse.m2e.jdt.JarLifecycleMapping lifecycle mapping for MavenProject: sampleGooglePackage:sampleProject:0.0.1 @ E:\GIT Workspace\sampleProject\pom.xml.
2016-05-08 15:33:50,580 [Worker-4] INFO  o.e.m.c.i.embedder.EclipseLogger - Using 'UTF-8' encoding to copy filtered resources.
2016-05-08 15:33:50,581 [Worker-4] INFO  o.e.m.c.i.embedder.EclipseLogger - skip non existing resourceDirectory E:\GIT Workspace\sampleProject\src\main\resources
2016-05-08 15:33:50,585 [Worker-4] INFO  o.e.m.c.i.embedder.EclipseLogger - Using 'UTF-8' encoding to copy filtered resources.
2016-05-08 15:33:50,586 [Worker-4] INFO  o.e.m.c.i.embedder.EclipseLogger - skip non existing resourceDirectory E:\GIT Workspace\sampleProject\src\test\resources
2016-05-08 15:33:53,185 [Worker-13] INFO  o.e.m.c.i.embedder.EclipseLogger - Using 'UTF-8' encoding to copy filtered resources.
2016-05-08 15:33:53,186 [Worker-13] INFO  o.e.m.c.i.embedder.EclipseLogger - skip non existing resourceDirectory E:\GIT Workspace\sampleProject\src\main\resources
2016-05-08 15:33:53,189 [Worker-13] INFO  o.e.m.c.i.embedder.EclipseLogger - Using 'UTF-8' encoding to copy filtered resources.
2016-05-08 15:33:53,190 [Worker-13] INFO  o.e.m.c.i.embedder.EclipseLogger - skip non existing resourceDirectory E:\GIT Workspace\sampleProject\src\test\resources
2016-05-08 15:33:58,276 [Worker-3] INFO  o.e.m.i.launch.MavenLaunchDelegate - E:\GIT Workspace\sampleProject
2016-05-08 15:33:58,277 [Worker-3] INFO  o.e.m.i.launch.MavenLaunchDelegate -  mvn  -B install
2016-05-08 15:36:03,060 [Worker-3] INFO  o.e.m.c.i.l.LifecycleMappingFactory - Using org.eclipse.m2e.jdt.JarLifecycleMapping lifecycle mapping for MavenProject: sampleGooglePackage:sampleProject:0.0.1 @ E:\GIT Workspace\sampleProject\pom.xml.
2016-05-08 15:36:03,922 [Worker-3] WARN  o.e.m.c.i.embedder.EclipseLogger - Using platform encoding (Cp1252 actually) to copy filtered resources, i.e. build is platform dependent!
2016-05-08 15:36:03,923 [Worker-3] INFO  o.e.m.c.i.embedder.EclipseLogger - skip non existing resourceDirectory E:\GIT Workspace\sampleProject\src\main\resources
2016-05-08 15:36:03,926 [Worker-3] WARN  o.e.m.c.i.embedder.EclipseLogger - Using platform encoding (Cp1252 actually) to copy filtered resources, i.e. build is platform dependent!
2016-05-08 15:36:03,926 [Worker-3] INFO  o.e.m.c.i.embedder.EclipseLogger - skip non existing resourceDirectory E:\GIT Workspace\sampleProject\src\test\resources
2016-05-08 15:36:15,808 [Worker-9] INFO  o.e.m.c.i.p.ProjectConfigurationManager - Update started
2016-05-08 15:36:16,623 [Worker-9] INFO  o.e.m.c.i.l.LifecycleMappingFactory - Using org.eclipse.m2e.jdt.JarLifecycleMapping lifecycle mapping for MavenProject: sampleGooglePackage:sampleProject:0.0.1 @ E:\GIT Workspace\sampleProject\pom.xml.
2016-05-08 15:36:17,218 [Worker-9] INFO  o.e.m.j.i.AbstractJavaProjectConfigurator - Adding source folder /sampleProject/src/main/java
2016-05-08 15:36:17,223 [Worker-9] INFO  o.e.m.j.i.AbstractJavaProjectConfigurator - Adding source folder /sampleProject/src/test/java
2016-05-08 15:36:17,460 [Worker-9] INFO  o.e.m.c.i.p.ProjectConfigurationManager - Update completed: 1 sec
2016-05-08 15:36:18,145 [Worker-10] WARN  o.e.m.c.i.embedder.EclipseLogger - Using platform encoding (Cp1252 actually) to copy filtered resources, i.e. build is platform dependent!
2016-05-08 15:36:18,146 [Worker-10] INFO  o.e.m.c.i.embedder.EclipseLogger - skip non existing resourceDirectory E:\GIT Workspace\sampleProject\src\main\resources
2016-05-08 15:36:18,149 [Worker-10] WARN  o.e.m.c.i.embedder.EclipseLogger - Using platform encoding (Cp1252 actually) to copy filtered resources, i.e. build is platform dependent!
2016-05-08 15:36:18,150 [Worker-10] INFO  o.e.m.c.i.embedder.EclipseLogger - skip non existing resourceDirectory E:\GIT Workspace\sampleProject\src\test\resources
2016-05-08 15:36:35,333 [Worker-11] INFO  o.e.m.i.launch.MavenLaunchDelegate - E:\GIT Workspace\sampleProject
2016-05-08 15:36:35,333 [Worker-11] INFO  o.e.m.i.launch.MavenLaunchDelegate -  mvn  -B clean
2016-05-08 15:36:47,696 [Worker-14] INFO  o.e.m.i.launch.MavenLaunchDelegate - E:\GIT Workspace\sampleProject
2016-05-08 15:36:47,699 [Worker-14] INFO  o.e.m.i.launch.MavenLaunchDelegate -  mvn  -B install
2016-05-08 15:38:19,065 [Worker-13] INFO  o.e.m.c.i.l.LifecycleMappingFactory - Using org.eclipse.m2e.jdt.JarLifecycleMapping lifecycle mapping for MavenProject: sampleGooglePackage:sampleProject:0.0.1 @ E:\GIT Workspace\sampleProject\pom.xml.
2016-05-08 15:38:20,373 [Worker-13] WARN  o.e.m.c.i.embedder.EclipseLogger - Using platform encoding (Cp1252 actually) to copy filtered resources, i.e. build is platform dependent!
2016-05-08 15:38:20,374 [Worker-13] INFO  o.e.m.c.i.embedder.EclipseLogger - skip non existing resourceDirectory E:\GIT Workspace\sampleProject\src\main\resources
2016-05-08 15:38:20,377 [Worker-13] WARN  o.e.m.c.i.embedder.EclipseLogger - Using platform encoding (Cp1252 actually) to copy filtered resources, i.e. build is platform dependent!
2016-05-08 15:38:20,378 [Worker-13] INFO  o.e.m.c.i.embedder.EclipseLogger - skip non existing resourceDirectory E:\GIT Workspace\sampleProject\src\test\resources
2016-05-08 15:38:24,638 [Worker-3] INFO  o.e.m.c.i.p.ProjectConfigurationManager - Update started
2016-05-08 15:38:25,909 [Worker-3] INFO  o.e.m.c.i.l.LifecycleMappingFactory - Using org.eclipse.m2e.jdt.JarLifecycleMapping lifecycle mapping for MavenProject: sampleGooglePackage:sampleProject:0.0.1 @ E:\GIT Workspace\sampleProject\pom.xml.
2016-05-08 15:38:27,077 [Worker-3] INFO  o.e.m.j.i.AbstractJavaProjectConfigurator - Adding source folder /sampleProject/src/main/java
2016-05-08 15:38:27,078 [Worker-3] INFO  o.e.m.j.i.AbstractJavaProjectConfigurator - Adding source folder /sampleProject/src/test/java
2016-05-08 15:38:27,298 [Worker-3] INFO  o.e.m.c.i.p.ProjectConfigurationManager - Update completed: 2 sec
2016-05-08 15:38:27,863 [Worker-5] WARN  o.e.m.c.i.embedder.EclipseLogger - Using platform encoding (Cp1252 actually) to copy filtered resources, i.e. build is platform dependent!
2016-05-08 15:38:27,864 [Worker-5] INFO  o.e.m.c.i.embedder.EclipseLogger - skip non existing resourceDirectory E:\GIT Workspace\sampleProject\src\main\resources
2016-05-08 15:38:27,867 [Worker-5] WARN  o.e.m.c.i.embedder.EclipseLogger - Using platform encoding (Cp1252 actually) to copy filtered resources, i.e. build is platform dependent!
2016-05-08 15:38:27,868 [Worker-5] INFO  o.e.m.c.i.embedder.EclipseLogger - skip non existing resourceDirectory E:\GIT Workspace\sampleProject\src\test\resources
2016-05-08 15:38:38,734 [Worker-2] INFO  o.e.m.i.launch.MavenLaunchDelegate - E:\GIT Workspace\sampleProject
2016-05-08 15:38:38,735 [Worker-2] INFO  o.e.m.i.launch.MavenLaunchDelegate -  mvn  -B install
2016-05-08 15:40:08,715 [Worker-13] WARN  o.e.m.c.i.embedder.EclipseLogger - Using platform encoding (Cp1252 actually) to copy filtered resources, i.e. build is platform dependent!
2016-05-08 15:40:08,718 [Worker-13] INFO  o.e.m.c.i.embedder.EclipseLogger - skip non existing resourceDirectory E:\GIT Workspace\sampleProject\src\main\resources
2016-05-08 15:40:08,723 [Worker-13] WARN  o.e.m.c.i.embedder.EclipseLogger - Using platform encoding (Cp1252 actually) to copy filtered resources, i.e. build is platform dependent!
2016-05-08 15:40:08,724 [Worker-13] INFO  o.e.m.c.i.embedder.EclipseLogger - skip non existing resourceDirectory E:\GIT Workspace\sampleProject\src\test\resources
2016-05-08 15:40:15,732 [Worker-3] INFO  o.e.m.i.launch.MavenLaunchDelegate - E:\GIT Workspace\sampleProject
2016-05-08 15:40:15,732 [Worker-3] INFO  o.e.m.i.launch.MavenLaunchDelegate -  mvn  -B install
2016-05-08 15:41:56,715 [Worker-14] INFO  o.e.m.c.i.l.LifecycleMappingFactory - Using org.eclipse.m2e.jdt.JarLifecycleMapping lifecycle mapping for MavenProject: sampleGooglePackage:sampleProject:0.0.1 @ E:\GIT Workspace\sampleProject\pom.xml.
2016-05-08 15:41:57,086 [Worker-14] WARN  o.e.m.c.i.embedder.EclipseLogger - Using platform encoding (Cp1252 actually) to copy filtered resources, i.e. build is platform dependent!
2016-05-08 15:41:57,087 [Worker-14] INFO  o.e.m.c.i.embedder.EclipseLogger - skip non existing resourceDirectory E:\GIT Workspace\sampleProject\src\main\resources
2016-05-08 15:41:57,088 [Worker-14] WARN  o.e.m.c.i.embedder.EclipseLogger - Using platform encoding (Cp1252 actually) to copy filtered resources, i.e. build is platform dependent!
2016-05-08 15:41:57,089 [Worker-14] INFO  o.e.m.c.i.embedder.EclipseLogger - skip non existing resourceDirectory E:\GIT Workspace\sampleProject\src\test\resources
2016-05-08 15:42:11,995 [Worker-11] INFO  o.e.m.c.i.p.ProjectConfigurationManager - Update started
2016-05-08 15:42:12,470 [Worker-11] INFO  o.e.m.c.i.l.LifecycleMappingFactory - Using org.eclipse.m2e.jdt.JarLifecycleMapping lifecycle mapping for MavenProject: sampleGooglePackage:sampleProject:0.0.1 @ E:\GIT Workspace\sampleProject\pom.xml.
2016-05-08 15:42:12,800 [Worker-11] INFO  o.e.m.j.i.AbstractJavaProjectConfigurator - Adding source folder /sampleProject/src/main/java
2016-05-08 15:42:12,800 [Worker-11] INFO  o.e.m.j.i.AbstractJavaProjectConfigurator - Adding source folder /sampleProject/src/test/java
2016-05-08 15:42:12,956 [Worker-11] INFO  o.e.m.c.i.p.ProjectConfigurationManager - Update completed: 0 sec
2016-05-08 15:42:13,262 [Worker-16] WARN  o.e.m.c.i.embedder.EclipseLogger - Using platform encoding (Cp1252 actually) to copy filtered resources, i.e. build is platform dependent!
2016-05-08 15:42:13,263 [Worker-16] INFO  o.e.m.c.i.embedder.EclipseLogger - skip non existing resourceDirectory E:\GIT Workspace\sampleProject\src\main\resources
2016-05-08 15:42:13,265 [Worker-16] WARN  o.e.m.c.i.embedder.EclipseLogger - Using platform encoding (Cp1252 actually) to copy filtered resources, i.e. build is platform dependent!
2016-05-08 15:42:13,266 [Worker-16] INFO  o.e.m.c.i.embedder.EclipseLogger - skip non existing resourceDirectory E:\GIT Workspace\sampleProject\src\test\resources
2016-05-08 15:42:19,638 [Worker-16] INFO  o.e.m.i.launch.MavenLaunchDelegate - E:\GIT Workspace\sampleProject
2016-05-08 15:42:19,638 [Worker-16] INFO  o.e.m.i.launch.MavenLaunchDelegate -  mvn  -B install
2016-05-10 22:15:11,665 [main] ERROR o.e.m2e.editor.pom.OverviewPage - Failed to populate overview panel
org.eclipse.swt.SWTException: Widget is disposed
	at org.eclipse.swt.SWT.error(SWT.java:4491) ~[org.eclipse.swt.win32.win32.x86_64_3.104.0.v20150528-0211.jar:na]
	at org.eclipse.swt.SWT.error(SWT.java:4406) ~[org.eclipse.swt.win32.win32.x86_64_3.104.0.v20150528-0211.jar:na]
	at org.eclipse.swt.SWT.error(SWT.java:4377) ~[org.eclipse.swt.win32.win32.x86_64_3.104.0.v20150528-0211.jar:na]
	at org.eclipse.swt.widgets.Widget.error(Widget.java:482) ~[org.eclipse.swt.win32.win32.x86_64_3.104.0.v20150528-0211.jar:na]
	at org.eclipse.swt.widgets.Widget.checkWidget(Widget.java:354) ~[org.eclipse.swt.win32.win32.x86_64_3.104.0.v20150528-0211.jar:na]
	at org.eclipse.swt.widgets.Control.setBackgroundImage(Control.java:3069) ~[org.eclipse.swt.win32.win32.x86_64_3.104.0.v20150528-0211.jar:na]
	at org.eclipse.ui.forms.widgets.Section.internalSetExpanded(Section.java:113) ~[na:na]
	at org.eclipse.ui.forms.widgets.ExpandableComposite.setExpanded(ExpandableComposite.java:882) ~[na:na]
	at org.eclipse.m2e.editor.pom.OverviewPage$17$1.process(OverviewPage.java:1150) ~[na:na]
	at org.eclipse.m2e.core.ui.internal.editing.PomEdits.performOnDOMDocument(PomEdits.java:510) ~[org.eclipse.m2e.core.ui_1.6.2.20150902-0002.jar:na]
	at org.eclipse.m2e.editor.pom.OverviewPage$17.run(OverviewPage.java:1129) ~[na:na]
	at org.eclipse.swt.widgets.RunnableLock.run(RunnableLock.java:35) [org.eclipse.swt.win32.win32.x86_64_3.104.0.v20150528-0211.jar:na]
	at org.eclipse.swt.widgets.Synchronizer.runAsyncMessages(Synchronizer.java:135) [org.eclipse.swt.win32.win32.x86_64_3.104.0.v20150528-0211.jar:na]
	at org.eclipse.swt.widgets.Display.runAsyncMessages(Display.java:4155) [org.eclipse.swt.win32.win32.x86_64_3.104.0.v20150528-0211.jar:na]
	at org.eclipse.swt.widgets.Display.readAndDispatch(Display.java:3772) [org.eclipse.swt.win32.win32.x86_64_3.104.0.v20150528-0211.jar:na]
	at org.eclipse.e4.ui.internal.workbench.swt.PartRenderingEngine$4.run(PartRenderingEngine.java:1127) [org.eclipse.e4.ui.workbench.swt_0.13.0.v20150504-0621.jar:na]
	at org.eclipse.core.databinding.observable.Realm.runWithDefault(Realm.java:337) [org.eclipse.core.databinding.observable_1.5.0.v20150422-0725.jar:na]
	at org.eclipse.e4.ui.internal.workbench.swt.PartRenderingEngine.run(PartRenderingEngine.java:1018) [org.eclipse.e4.ui.workbench.swt_0.13.0.v20150504-0621.jar:na]
	at org.eclipse.e4.ui.internal.workbench.E4Workbench.createAndRunUI(E4Workbench.java:156) [org.eclipse.e4.ui.workbench_1.3.0.v20150531-1948.jar:na]
	at org.eclipse.ui.internal.Workbench$5.run(Workbench.java:654) [org.eclipse.ui.workbench_3.107.0.v20150510-1732.jar:na]
	at org.eclipse.core.databinding.observable.Realm.runWithDefault(Realm.java:337) [org.eclipse.core.databinding.observable_1.5.0.v20150422-0725.jar:na]
	at org.eclipse.ui.internal.Workbench.createAndRunWorkbench(Workbench.java:598) [org.eclipse.ui.workbench_3.107.0.v20150510-1732.jar:na]
	at org.eclipse.ui.PlatformUI.createAndRunWorkbench(PlatformUI.java:150) [org.eclipse.ui.workbench_3.107.0.v20150510-1732.jar:na]
	at org.eclipse.ui.internal.ide.application.IDEApplication.start(IDEApplication.java:139) [org.eclipse.ui.ide.application_1.1.0.v20150422-0725.jar:na]
	at org.eclipse.equinox.internal.app.EclipseAppHandle.run(EclipseAppHandle.java:196) [org.eclipse.equinox.app_1.3.300.v20150423-1356.jar:na]
	at org.eclipse.core.runtime.internal.adaptor.EclipseAppLauncher.runApplication(EclipseAppLauncher.java:134) [org.eclipse.osgi_3.10.100.v20150529-1857.jar:na]
	at org.eclipse.core.runtime.internal.adaptor.EclipseAppLauncher.start(EclipseAppLauncher.java:104) [org.eclipse.osgi_3.10.100.v20150529-1857.jar:na]
	at org.eclipse.core.runtime.adaptor.EclipseStarter.run(EclipseStarter.java:380) [org.eclipse.osgi_3.10.100.v20150529-1857.jar:na]
	at org.eclipse.core.runtime.adaptor.EclipseStarter.run(EclipseStarter.java:235) [org.eclipse.osgi_3.10.100.v20150529-1857.jar:na]
	at sun.reflect.NativeMethodAccessorImpl.invoke0(Native Method) ~[na:1.8.0_45]
	at sun.reflect.NativeMethodAccessorImpl.invoke(Unknown Source) ~[na:1.8.0_45]
	at sun.reflect.DelegatingMethodAccessorImpl.invoke(Unknown Source) ~[na:1.8.0_45]
	at java.lang.reflect.Method.invoke(Unknown Source) ~[na:1.8.0_45]
	at org.eclipse.equinox.launcher.Main.invokeFramework(Main.java:669) [org.eclipse.equinox.launcher_1.3.100.v20150511-1540.jar:na]
	at org.eclipse.equinox.launcher.Main.basicRun(Main.java:608) [org.eclipse.equinox.launcher_1.3.100.v20150511-1540.jar:na]
	at org.eclipse.equinox.launcher.Main.run(Main.java:1515) [org.eclipse.equinox.launcher_1.3.100.v20150511-1540.jar:na]
2016-05-10 22:22:33,086 [Worker-14] WARN  o.e.m.c.i.embedder.EclipseLogger - Using platform encoding (Cp1252 actually) to copy filtered resources, i.e. build is platform dependent!
2016-05-10 22:22:33,101 [Worker-14] INFO  o.e.m.c.i.embedder.EclipseLogger - skip non existing resourceDirectory E:\GIT Workspace\sampleProject\src\main\resources
2016-05-10 22:22:33,104 [Worker-14] WARN  o.e.m.c.i.embedder.EclipseLogger - Using platform encoding (Cp1252 actually) to copy filtered resources, i.e. build is platform dependent!
2016-05-10 22:22:33,105 [Worker-14] INFO  o.e.m.c.i.embedder.EclipseLogger - skip non existing resourceDirectory E:\GIT Workspace\sampleProject\src\test\resources
2016-05-10 22:27:14,228 [Worker-21] WARN  o.e.m.c.i.embedder.EclipseLogger - Using platform encoding (Cp1252 actually) to copy filtered resources, i.e. build is platform dependent!
2016-05-10 22:27:14,233 [Worker-21] INFO  o.e.m.c.i.embedder.EclipseLogger - skip non existing resourceDirectory E:\GIT Workspace\sampleProject\src\main\resources
2016-05-10 22:27:14,236 [Worker-21] WARN  o.e.m.c.i.embedder.EclipseLogger - Using platform encoding (Cp1252 actually) to copy filtered resources, i.e. build is platform dependent!
2016-05-10 22:27:14,239 [Worker-21] INFO  o.e.m.c.i.embedder.EclipseLogger - skip non existing resourceDirectory E:\GIT Workspace\sampleProject\src\test\resources
2016-05-10 22:27:47,704 [Worker-5] WARN  o.e.m.c.i.embedder.EclipseLogger - Using platform encoding (Cp1252 actually) to copy filtered resources, i.e. build is platform dependent!
2016-05-10 22:27:47,705 [Worker-5] INFO  o.e.m.c.i.embedder.EclipseLogger - skip non existing resourceDirectory E:\GIT Workspace\sampleProject\src\main\resources
2016-05-10 22:27:47,708 [Worker-5] WARN  o.e.m.c.i.embedder.EclipseLogger - Using platform encoding (Cp1252 actually) to copy filtered resources, i.e. build is platform dependent!
2016-05-10 22:27:47,710 [Worker-5] INFO  o.e.m.c.i.embedder.EclipseLogger - skip non existing resourceDirectory E:\GIT Workspace\sampleProject\src\test\resources
2016-05-10 22:29:28,273 [Worker-3] WARN  o.e.m.c.i.embedder.EclipseLogger - Using platform encoding (Cp1252 actually) to copy filtered resources, i.e. build is platform dependent!
2016-05-10 22:29:28,274 [Worker-3] INFO  o.e.m.c.i.embedder.EclipseLogger - skip non existing resourceDirectory E:\GIT Workspace\sampleProject\src\main\resources
2016-05-10 22:29:28,277 [Worker-3] WARN  o.e.m.c.i.embedder.EclipseLogger - Using platform encoding (Cp1252 actually) to copy filtered resources, i.e. build is platform dependent!
2016-05-10 22:29:28,278 [Worker-3] INFO  o.e.m.c.i.embedder.EclipseLogger - skip non existing resourceDirectory E:\GIT Workspace\sampleProject\src\test\resources
2016-05-10 22:31:08,925 [Worker-5] WARN  o.e.m.c.i.embedder.EclipseLogger - Using platform encoding (Cp1252 actually) to copy filtered resources, i.e. build is platform dependent!
2016-05-10 22:31:08,927 [Worker-5] INFO  o.e.m.c.i.embedder.EclipseLogger - skip non existing resourceDirectory E:\GIT Workspace\sampleProject\src\main\resources
2016-05-10 22:31:08,931 [Worker-5] WARN  o.e.m.c.i.embedder.EclipseLogger - Using platform encoding (Cp1252 actually) to copy filtered resources, i.e. build is platform dependent!
2016-05-10 22:31:08,933 [Worker-5] INFO  o.e.m.c.i.embedder.EclipseLogger - skip non existing resourceDirectory E:\GIT Workspace\sampleProject\src\test\resources
